\BOOKMARK [1][-]{section.1}{Design and Implementation}{}% 1
\BOOKMARK [2][-]{subsection.1.1}{Dataset Inspection and Data Preprocessing}{section.1}% 2
\BOOKMARK [2][-]{subsection.1.2}{Clustering Function}{section.1}% 3
\BOOKMARK [1][-]{section.2}{Results and Analysis on the Two-Dimensional Dataset}{}% 4
\BOOKMARK [2][-]{subsection.2.1}{Dataset 1 \205 Two-Dimensional Data with 2 Clusters}{section.2}% 5
\BOOKMARK [3][-]{subsubsection.2.1.1}{Results}{subsection.2.1}% 6
\BOOKMARK [3][-]{subsubsection.2.1.2}{Cluster Validation}{subsection.2.1}% 7
\BOOKMARK [2][-]{subsection.2.2}{Dataset 2 \205 Two-Dimensional Data with 4 Clusters}{section.2}% 8
\BOOKMARK [3][-]{subsubsection.2.2.1}{Results}{subsection.2.2}% 9
\BOOKMARK [3][-]{subsubsection.2.2.2}{Cluster Validation}{subsection.2.2}% 10
\BOOKMARK [2][-]{subsection.2.3}{Changing the Value of k}{section.2}% 11
\BOOKMARK [3][-]{subsubsection.2.3.1}{Dataset 1}{subsection.2.3}% 12
\BOOKMARK [3][-]{subsubsection.2.3.2}{Dataset 2}{subsection.2.3}% 13
\BOOKMARK [1][-]{section.3}{Results and Analysis on the Wine dataset}{}% 14
\BOOKMARK [2][-]{subsection.3.1}{Clustering with Different k values}{section.3}% 15
\BOOKMARK [2][-]{subsection.3.2}{Clutser Validation with External Attribute}{section.3}% 16
\BOOKMARK [1][-]{section.4}{Off-the-Shelf Clutering Method}{}% 17
\BOOKMARK [2][-]{subsection.4.1}{Dataset 1}{section.4}% 18
\BOOKMARK [2][-]{subsection.4.2}{Dataset 2}{section.4}% 19
\BOOKMARK [2][-]{subsection.4.3}{Wine Dataset}{section.4}% 20
